11:30:54: Creating resource group General
11:30:54: Creating resource group OgreInternal
11:30:54: Creating resource group OgreAutodetect
11:30:54: SceneManagerFactory for type 'DefaultSceneManager' registered.
11:30:54: Registering ResourceManager for type Material
11:30:54: Registering ResourceManager for type Mesh
11:30:54: Registering ResourceManager for type Skeleton
11:30:54: MovableObjectFactory for type 'ParticleSystem' registered.
11:30:54: ArchiveFactory for type 'FileSystem' registered
11:30:54: ArchiveFactory for type 'Zip' registered
11:30:54: ArchiveFactory for type 'EmbeddedZip' registered
11:30:54: DDS codec registering
11:30:54: ETC codec registering
11:30:54: ASTC codec registering
11:30:54: Registering ResourceManager for type GpuProgram
11:30:54: Registering ResourceManager for type Compositor
11:30:54: MovableObjectFactory for type 'Entity' registered.
11:30:54: MovableObjectFactory for type 'Light' registered.
11:30:54: MovableObjectFactory for type 'BillboardSet' registered.
11:30:54: MovableObjectFactory for type 'ManualObject' registered.
11:30:54: MovableObjectFactory for type 'BillboardChain' registered.
11:30:54: MovableObjectFactory for type 'RibbonTrail' registered.
11:30:54: MovableObjectFactory for type 'StaticGeometry' registered.
11:30:54: MovableObjectFactory for type 'Rectangle2D' registered.
11:30:54: Error: Cannot open file: plugins.cfg - skipping automatic plugin loading
11:30:54: *-*-* OGRE Initialising
11:30:54: *-*-* Version 14.1.2 (Tsathoggua)
11:30:54: OverlayElementFactory for type Panel registered.
11:30:54: OverlayElementFactory for type BorderPanel registered.
11:30:54: OverlayElementFactory for type TextArea registered.
11:30:54: Registering ResourceManager for type Font
11:30:54: Unregistering ResourceManager for type Font
11:30:54: *-*-* OGRE Shutdown
11:30:54: Unregistering ResourceManager for type Compositor
11:30:54: Unregistering ResourceManager for type Material
11:30:54: Unregistering ResourceManager for type GpuProgram
11:30:54: Unregistering ResourceManager for type Skeleton
11:30:54: Unregistering ResourceManager for type Mesh
